[Message:   BepInEx] BepInEx 5.4.22.0 - Lethal Company (1/14/2024 2:57:14 PM)
[Info   :   BepInEx] Running under Unity v2022.3.9.15351836
[Info   :   BepInEx] CLR runtime version: 4.0.30319.42000
[Info   :   BepInEx] Supports SRE: True
[Info   :   BepInEx] System platform: Bits64, Windows
[Message:   BepInEx] Preloader started
[Info   :   BepInEx] Loaded 1 patcher method from [BepInEx.Preloader 5.4.22.0]
[Info   :   BepInEx] 1 patcher plugin loaded
[Info   :   BepInEx] Patching [UnityEngine.CoreModule] with [BepInEx.Chainloader]
[Message:   BepInEx] Preloader finished
[Message:   BepInEx] Chainloader ready
[Message:   BepInEx] Chainloader started
[Info   :   BepInEx] 11 plugins to load
[Info   :   BepInEx] Loading [ShipLoot 1.0]
[Info   :   BepInEx] Loading [ReservedItemSlotCore 1.8.10]
[Info   :ReservedItemSlotCore-1.8.10] BindingConfigs
[Info   :ReservedItemSlotCore-1.8.10] Cleaning old config entries
[Warning:  HarmonyX] AccessTools.GetTypesFromAssembly: assembly ReservedItemSlotCore, Version=1.0.0.0, Culture=neutral, PublicKeyToken=null => System.Reflection.ReflectionTypeLoadException: Exception of type 'System.Reflection.ReflectionTypeLoadException' was thrown.
Could not load file or assembly 'LethalCompanyInputUtils, Version=1.0.0.0, Culture=neutral, PublicKeyToken=null' or one of its dependencies.
  at (wrapper managed-to-native) System.Reflection.Assembly.GetTypes(System.Reflection.Assembly,bool)
  at System.Reflection.Assembly.GetTypes () [0x00000] in <787acc3c9a4c471ba7d971300105af24>:0 
  at HarmonyLib.AccessTools.GetTypesFromAssembly (System.Reflection.Assembly assembly) [0x0000d] in <474744d65d8e460fa08cd5fd82b5d65f>:0 
System.IO.FileNotFoundException: Could not load file or assembly 'LethalCompanyInputUtils, Version=1.0.0.0, Culture=neutral, PublicKeyToken=null' or one of its dependencies.
File name: 'LethalCompanyInputUtils, Version=1.0.0.0, Culture=neutral, PublicKeyToken=null'
[Info   :ReservedItemSlotCore-1.8.10] ReservedItemSlotCore loaded
[Info   :   BepInEx] Loading [ReservedFlashlightSlot 1.5.10]
[Info   :ReservedFlashlightSlot] BindingConfigs
[Info   :ReservedFlashlightSlot] Cleaning old config entries
[Warning:  HarmonyX] AccessTools.GetTypesFromAssembly: assembly ReservedFlashlightSlot, Version=1.0.0.0, Culture=neutral, PublicKeyToken=null => System.Reflection.ReflectionTypeLoadException: Exception of type 'System.Reflection.ReflectionTypeLoadException' was thrown.
Could not load file or assembly 'LethalCompanyInputUtils, Version=1.0.0.0, Culture=neutral, PublicKeyToken=null' or one of its dependencies.
  at (wrapper managed-to-native) System.Reflection.Assembly.GetTypes(System.Reflection.Assembly,bool)
  at System.Reflection.Assembly.GetTypes () [0x00000] in <787acc3c9a4c471ba7d971300105af24>:0 
  at HarmonyLib.AccessTools.GetTypesFromAssembly (System.Reflection.Assembly assembly) [0x0000d] in <474744d65d8e460fa08cd5fd82b5d65f>:0 
System.IO.FileNotFoundException: Could not load file or assembly 'LethalCompanyInputUtils, Version=1.0.0.0, Culture=neutral, PublicKeyToken=null' or one of its dependencies.
File name: 'LethalCompanyInputUtils, Version=1.0.0.0, Culture=neutral, PublicKeyToken=null'
[Info   :ReservedFlashlightSlot] ReservedFlashlightSlot loaded
[Info   :   BepInEx] Loading [ReservedWalkieSlot 1.5.5]
[Info   :ReservedWalkieSlot] BindingConfigs
[Info   :ReservedWalkieSlot] Cleaning old config entries
[Warning:  HarmonyX] AccessTools.GetTypesFromAssembly: assembly ReservedWalkieSlot, Version=1.0.0.0, Culture=neutral, PublicKeyToken=null => System.Reflection.ReflectionTypeLoadException: Exception of type 'System.Reflection.ReflectionTypeLoadException' was thrown.
Could not load file or assembly 'LethalCompanyInputUtils, Version=1.0.0.0, Culture=neutral, PublicKeyToken=null' or one of its dependencies.
  at (wrapper managed-to-native) System.Reflection.Assembly.GetTypes(System.Reflection.Assembly,bool)
  at System.Reflection.Assembly.GetTypes () [0x00000] in <787acc3c9a4c471ba7d971300105af24>:0 
  at HarmonyLib.AccessTools.GetTypesFromAssembly (System.Reflection.Assembly assembly) [0x0000d] in <474744d65d8e460fa08cd5fd82b5d65f>:0 
System.IO.FileNotFoundException: Could not load file or assembly 'LethalCompanyInputUtils, Version=1.0.0.0, Culture=neutral, PublicKeyToken=null' or one of its dependencies.
File name: 'LethalCompanyInputUtils, Version=1.0.0.0, Culture=neutral, PublicKeyToken=null'
[Info   :ReservedWalkieSlot] ReservedWalkieSlot loaded
[Info   :   BepInEx] Loading [ReservedWeaponSlot 1.0.6]
[Info   :ReservedWeaponSlot] BindingConfigs
[Info   :ReservedWeaponSlot] ReservedWeaponSlot loaded
[Info   :   BepInEx] Loading [HDLethalCompany-Sligili 1.5.3]
[Info   :HDLethalCompany-Sligili] HDLethalCompany loaded
[Info   :   BepInEx] Loading [MoreCompany 1.7.4]
[Info   :MoreCompany] Loading MoreCompany...
[Info   :MoreCompany] Checking: C:\Program Files (x86)\Steam\steamapps\common\Lethal Company\BepInEx\plugins/MoreCompanyCosmetics
[Info   :MoreCompany] Read settings and cosmetics
[Info   :MoreCompany] Loaded cosmetic: builtin.3dglasses from bundle
[Info   :MoreCompany] Loaded cosmetic: builtin.bunnyears from bundle
[Info   :MoreCompany] Loaded cosmetic: builtin.denimhat from bundle
[Info   :MoreCompany] Loaded cosmetic: builtin.fancyglasses from bundle
[Info   :MoreCompany] Loaded cosmetic: builtin.partyglasses from bundle
[Info   :MoreCompany] Loaded cosmetic: builtin.gunholster from bundle
[Info   :MoreCompany] Loaded cosmetic: builtin.hardhat from bundle
[Info   :MoreCompany] Loaded cosmetic: builtin.jesterhat from bundle
[Info   :MoreCompany] Loaded cosmetic: builtin.kittyears from bundle
[Info   :MoreCompany] Loaded cosmetic: builtin.mimemask from bundle
[Info   :MoreCompany] Loaded cosmetic: builtin.fancypants from bundle
[Info   :MoreCompany] Loaded cosmetic: builtin.outoforder from bundle
[Info   :MoreCompany] Loaded cosmetic: builtin.partyhat from bundle
[Info   :MoreCompany] Loaded cosmetic: builtin.plaguemask from bundle
[Info   :MoreCompany] Loaded cosmetic: builtin.propellerhat from bundle
[Info   :MoreCompany] Loaded cosmetic: builtin.eyeballs from bundle
[Info   :MoreCompany] Loaded cosmetic: builtin.rudolph from bundle
[Info   :MoreCompany] Loaded cosmetic: builtin.santahat from bundle
[Info   :MoreCompany] Loaded cosmetic: builtin.slimething from bundle
[Info   :MoreCompany] Loaded cosmetic: builtin.tophat from bundle
[Info   :MoreCompany] Loaded cosmetic: builtin.watch from bundle
[Info   :MoreCompany] Loading USER COSMETICS...
[Info   :MoreCompany] Loaded MoreCompany FULLY
[Info   :   BepInEx] Loading [LCVR 1.0.1]
[Info   :      LCVR] Found compatible mod MoreCompany
[Info   :      LCVR] Plugin LCVR is starting...
[Info   :      LCVR] Loading VR...
[Info   :      LCVR] Initialized OpenXR Runtime
[Info   :      LCVR] Started XR Display subsystem, welcome to VR!
[Info   :   BepInEx] Loading [Fix Resolution 1.0.0]
[Info   :   BepInEx] Loading [LethalCompanyDRP 1.3.5]
[Info   :LethalCompanyDRP] Started LethalCompanyDRP
[Info   :   BepInEx] Loading [Skinwalker Mod 1.0.8]
[Info   :RugbugRedfern.SkinwalkerMod] SKINWALKER MOD STARTING UP 1.0.8
[Info   :RugbugRedfern.SkinwalkerMod] VoiceEnabled_BaboonHawk VALUE LOADED FROM CONFIG: [True]
[Info   :RugbugRedfern.SkinwalkerMod] VoiceEnabled_Bracken VALUE LOADED FROM CONFIG: [True]
[Info   :RugbugRedfern.SkinwalkerMod] VoiceEnabled_BunkerSpider VALUE LOADED FROM CONFIG: [True]
[Info   :RugbugRedfern.SkinwalkerMod] VoiceEnabled_Centipede VALUE LOADED FROM CONFIG: [True]
[Info   :RugbugRedfern.SkinwalkerMod] VoiceEnabled_CoilHead VALUE LOADED FROM CONFIG: [True]
[Info   :RugbugRedfern.SkinwalkerMod] VoiceEnabled_EyelessDog VALUE LOADED FROM CONFIG: [True]
[Info   :RugbugRedfern.SkinwalkerMod] VoiceEnabled_ForestGiant VALUE LOADED FROM CONFIG: [False]
[Info   :RugbugRedfern.SkinwalkerMod] VoiceEnabled_GhostGirl VALUE LOADED FROM CONFIG: [True]
[Info   :RugbugRedfern.SkinwalkerMod] VoiceEnabled_GiantWorm VALUE LOADED FROM CONFIG: [False]
[Info   :RugbugRedfern.SkinwalkerMod] VoiceEnabled_HoardingBug VALUE LOADED FROM CONFIG: [True]
[Info   :RugbugRedfern.SkinwalkerMod] VoiceEnabled_Hygrodere VALUE LOADED FROM CONFIG: [False]
[Info   :RugbugRedfern.SkinwalkerMod] VoiceEnabled_Jester VALUE LOADED FROM CONFIG: [True]
[Info   :RugbugRedfern.SkinwalkerMod] VoiceEnabled_Masked VALUE LOADED FROM CONFIG: [True]
[Info   :RugbugRedfern.SkinwalkerMod] VoiceEnabled_Nutcracker VALUE LOADED FROM CONFIG: [True]
[Info   :RugbugRedfern.SkinwalkerMod] VoiceEnabled_SporeLizard VALUE LOADED FROM CONFIG: [True]
[Info   :RugbugRedfern.SkinwalkerMod] VoiceEnabled_Thumper VALUE LOADED FROM CONFIG: [True]
[Info   :RugbugRedfern.SkinwalkerMod] VoiceLineFrequency VALUE LOADED FROM CONFIG: [1]
[Info   :RugbugRedfern.SkinwalkerMod] Skinwalker Mod Object Initialized
[Message:   BepInEx] Chainloader startup complete
[Info   :LethalCompanyDRP] Discord RPC Started
[Info   :ReservedFlashlightSlot] Initializing hotkeys.
[Info   :ReservedWalkieSlot] Initializing hotkeys.
[Info   :RugbugRedfern.SkinwalkerMod] HOST SENDING CONFIG TO CLIENTS
[Info   :RugbugRedfern.SkinwalkerMod] SkinwalkerNetworkManager Awake
[Info   :      LCVR] Hello from VR!
[Info   :      LCVR] Hello from universal!
[Info   :      LCVR] Setting player height scale: 1.5
[Info   :RugbugRedfern.SkinwalkerMod] Audio folder not present. Don't worry about it, it will be created automatically when you play with friends. (C:/Program Files (x86)/Steam/steamapps/common/Lethal Company/Lethal Company_Data\..\Dissonance_Diagnostics)
[Info   :ReservedItemSlotCore-1.8.10] Finalizing sync with server.
[Info   :ReservedItemSlotCore-1.8.10] Adding 4 Reserved item slots to the inventory HUD. Previous inventory HUD size: 4
[Info   :ReservedItemSlotCore-1.8.10] Adding Reserved item slot for item types [Pro-flashlight]. Inventory index: 4
[Info   :ReservedItemSlotCore-1.8.10] Adding Reserved item slot for item types [Walkie-talkie]. Inventory index: 5
[Info   :ReservedItemSlotCore-1.8.10] Adding Reserved item slot for item types [Shotgun]. Inventory index: 6
[Info   :ReservedItemSlotCore-1.8.10] Adding Reserved item slot for item types [Ammo]. Inventory index: 7
[Info   :ReservedItemSlotCore-1.8.10] Finished adding 4 Reserved Item slots in the inventory HUD.
[Info   :RugbugRedfern.SkinwalkerMod] Audio folder not present. Don't worry about it, it will be created automatically when you play with friends. (C:/Program Files (x86)/Steam/steamapps/common/Lethal Company/Lethal Company_Data\..\Dissonance_Diagnostics)
[Info   :RugbugRedfern.SkinwalkerMod] Audio folder not present. Don't worry about it, it will be created automatically when you play with friends. (C:/Program Files (x86)/Steam/steamapps/common/Lethal Company/Lethal Company_Data\..\Dissonance_Diagnostics)
[Info   :ReservedItemSlotCore-1.8.10] Beginning grab on reserved item: Pro-flashlight
[Info   :RugbugRedfern.SkinwalkerMod] Audio folder not present. Don't worry about it, it will be created automatically when you play with friends. (C:/Program Files (x86)/Steam/steamapps/common/Lethal Company/Lethal Company_Data\..\Dissonance_Diagnostics)
[Info   :RugbugRedfern.SkinwalkerMod] Audio folder not present. Don't worry about it, it will be created automatically when you play with friends. (C:/Program Files (x86)/Steam/steamapps/common/Lethal Company/Lethal Company_Data\..\Dissonance_Diagnostics)
[Info   :RugbugRedfern.SkinwalkerMod] Audio folder not present. Don't worry about it, it will be created automatically when you play with friends. (C:/Program Files (x86)/Steam/steamapps/common/Lethal Company/Lethal Company_Data\..\Dissonance_Diagnostics)
[Info   :RugbugRedfern.SkinwalkerMod] Audio folder not present. Don't worry about it, it will be created automatically when you play with friends. (C:/Program Files (x86)/Steam/steamapps/common/Lethal Company/Lethal Company_Data\..\Dissonance_Diagnostics)
[Info   :ReservedWalkieSlot] ACTIVATE ITEM
[Info   :ReservedWalkieSlot] ACTIVATE ITEM
[Info   :RugbugRedfern.SkinwalkerMod] SkinwalkerNetworkManager OnDestroy
